2017-09-22 07:56:40 +0000  Initial pipeline context: <IDEDistributionProcessingPipelineContext: 0x7fe8d1877a10; archive(resolved)='<IDEArchive: 0x7fe8d257e350>', distributionTask(resolved)='2', distributionMethod(resolved)='<IDEDistributionMethodiOSAppStoreExport: 0x7fe8edfd2800>', team(resolved)='<IDEProvisioningBasicTeam 0x7fe8eba5a0a0: teamID: FB7B7UKSNL, teamName: Shenzhen Chaoyue Technology Development Co.,Ltd>'>
	Chain (11, self inclusive):
	<IDEDistributionProcessingPipelineContext: 0x7fe8d1877a10; archive = '<IDEArchive: 0x7fe8d257e350>', distributionMethod='<IDEDistributionMethodiOSAppStoreExport: 0x7fe8edfd2800>', team='<IDEProvisioningBasicTeam 0x7fe8eba5a0a0: teamID: FB7B7UKSNL, teamName: Shenzhen Chaoyue Technology Development Co.,Ltd>'>
	<IDEDistributionProcessingPipelineContext: 0x7fe8d3c62220; archive = '<IDEArchive: 0x7fe8d257e350>', distributionMethod='<IDEDistributionMethodiOSAppStoreExport: 0x7fe8edfd2800>', team='<IDEProvisioningBasicTeam 0x7fe8eba5a0a0: teamID: FB7B7UKSNL, teamName: Shenzhen Chaoyue Technology Development Co.,Ltd>'>
	<IDEDistributionContext: 0x7fe8d1d87740; archive = '<IDEArchive: 0x7fe8d257e350>', distributionMethod='<IDEDistributionMethodiOSAppStoreExport: 0x7fe8edfd2800>', team='<IDEProvisioningBasicTeam 0x7fe8eba5a0a0: teamID: FB7B7UKSNL, teamName: Shenzhen Chaoyue Technology Development Co.,Ltd>'>
	<IDEDistributionContext: 0x7fe8d3ad5800; archive = '<IDEArchive: 0x7fe8d257e350>', distributionMethod='<IDEDistributionMethodiOSAppStoreExport: 0x7fe8edfd2800>', team='<IDEProvisioningBasicTeam 0x7fe8eba5a0a0: teamID: FB7B7UKSNL, teamName: Shenzhen Chaoyue Technology Development Co.,Ltd>'>
	<IDEDistributionContext: 0x7fe8edabe250; archive = '<IDEArchive: 0x7fe8d257e350>', distributionMethod='<IDEDistributionMethodiOSAppStoreExport: 0x7fe8edfd2800>', team='<IDEProvisioningBasicTeam 0x7fe8eba5a0a0: teamID: FB7B7UKSNL, teamName: Shenzhen Chaoyue Technology Development Co.,Ltd>'>
	<IDEDistributionContext: 0x7fe8ebdd0c70; archive = '<IDEArchive: 0x7fe8d257e350>', distributionMethod='<IDEDistributionMethodiOSAppStoreExport: 0x7fe8edfd2800>', team='<IDEProvisioningBasicTeam 0x7fe8eba5a0a0: teamID: FB7B7UKSNL, teamName: Shenzhen Chaoyue Technology Development Co.,Ltd>'>
	<IDEDistributionContext: 0x7fe8edaba370; archive = '<IDEArchive: 0x7fe8d257e350>', distributionMethod='<IDEDistributionMethodiOSAppStoreExport: 0x7fe8edfd2800>', team='<IDEProvisioningBasicTeam 0x7fe8eba5a0a0: teamID: FB7B7UKSNL, teamName: Shenzhen Chaoyue Technology Development Co.,Ltd>'>
	<IDEDistributionContext: 0x7fe8ef0b0840; archive = '<IDEArchive: 0x7fe8d257e350>', distributionMethod='<IDEDistributionMethodiOSAppStoreExport: 0x7fe8edfd2800>', team='<IDEProvisioningBasicTeam 0x7fe8eba5a0a0: teamID: FB7B7UKSNL, teamName: Shenzhen Chaoyue Technology Development Co.,Ltd>'>
	<IDEDistributionContext: 0x7fe8d3c6a2b0; archive = '<IDEArchive: 0x7fe8d257e350>', distributionMethod='<IDEDistributionMethodiOSAppStoreExport: 0x7fe8edfd2800>', team='<IDEProvisioningBasicTeam 0x7fe8eba5a0a0: teamID: FB7B7UKSNL, teamName: Shenzhen Chaoyue Technology Development Co.,Ltd>'>
	<IDEDistributionContext: 0x7fe8d4d2aee0; archive = '<IDEArchive: 0x7fe8d257e350>', distributionMethod='<IDEDistributionMethodiOSAppStoreExport: 0x7fe8edfd2800>', team='(null)'>
	<IDEDistributionContext: 0x7fe8ebcf12f0; archive = '<IDEArchive: 0x7fe8d257e350>', distributionMethod='(null)', team='(null)'>
</IDEDistributionProcessingPipelineContext: 0x7fe8d1877a10>
2017-09-22 07:56:40 +0000  Processing step: IDEDistributionCreateDestRootStep
2017-09-22 07:56:40 +0000  Processing step: IDEDistributionCopyItemStep
2017-09-22 07:56:40 +0000  Running /usr/bin/ditto '-V' '/Users/cykj/Library/Developer/Xcode/Archives/2017-09-22/CarCare 2017-9-22 下午3.41.xcarchive/Products/Applications/CarCare.app' '/var/folders/bb/46nl9lg559qbm9ksmczd05540000gn/T/XcodeDistPipeline.rff/Root/Payload/CarCare.app'
2017-09-22 07:56:40 +0000  >>> Copying /Users/cykj/Library/Developer/Xcode/Archives/2017-09-22/CarCare 2017-9-22 下午3.41.xcarchive/Products/Applications/CarCare.app 
2017-09-22 07:56:40 +0000  
2017-09-22 07:56:40 +0000  copying file ./_CodeSignature/CodeResources ... 
2017-09-22 07:56:40 +0000  36546 bytes for ./_CodeSignature/CodeResources
2017-09-22 07:56:40 +0000  copying file ./AppIcon20x20@2x.png ... 
2017-09-22 07:56:40 +0000  4834 bytes for ./AppIcon20x20@2x.png
copying file ./AppIcon20x20@3x.png ... 
2017-09-22 07:56:40 +0000  8633 bytes for ./AppIcon20x20@3x.png
copying file ./AppIcon29x29@2x.png ... 
2017-09-22 07:56:40 +0000  23323 bytes for ./AppIcon29x29@2x.png
2017-09-22 07:56:40 +0000  copying file ./AppIcon29x29@3x.png ... 
2017-09-22 07:56:40 +0000  28089 bytes for ./AppIcon29x29@3x.png
copying file ./AppIcon40x40@2x.png ... 
2017-09-22 07:56:40 +0000  12922 bytes for ./AppIcon40x40@2x.png
copying file ./AppIcon40x40@3x.png ... 
2017-09-22 07:56:40 +0000  24238 bytes for ./AppIcon40x40@3x.png
2017-09-22 07:56:40 +0000  copying file ./AppIcon60x60@2x.png ... 
2017-09-22 07:56:40 +0000  24238 bytes for ./AppIcon60x60@2x.png
copying file ./AppIcon60x60@3x.png ... 
2017-09-22 07:56:40 +0000  41212 bytes for ./AppIcon60x60@3x.png
2017-09-22 07:56:40 +0000  copying file ./archived-expanded-entitlements.xcent ... 
382 bytes for ./archived-expanded-entitlements.xcent
copying file ./Assets.car ... 
2017-09-22 07:56:41 +0000  20124792 bytes for ./Assets.car
2017-09-22 07:56:41 +0000  copying file ./AutoBindViewController.nib ... 
2017-09-22 07:56:41 +0000  7281 bytes for ./AutoBindViewController.nib
2017-09-22 07:56:41 +0000  copying file ./Base.lproj/Localizable.strings ... 
2017-09-22 07:56:41 +0000  1939 bytes for ./Base.lproj/Localizable.strings
2017-09-22 07:56:41 +0000  copying file ./Base.lproj/Main.storyboardc/BYZ-38-t0r-view-8bC-Xf-vdC.nib ... 
2017-09-22 07:56:41 +0000  1790 bytes for ./Base.lproj/Main.storyboardc/BYZ-38-t0r-view-8bC-Xf-vdC.nib
copying file ./Base.lproj/Main.storyboardc/Info.plist ... 
2017-09-22 07:56:41 +0000  258 bytes for ./Base.lproj/Main.storyboardc/Info.plist
copying file ./Base.lproj/Main.storyboardc/UIViewController-BYZ-38-t0r.nib ... 
2017-09-22 07:56:41 +0000  916 bytes for ./Base.lproj/Main.storyboardc/UIViewController-BYZ-38-t0r.nib
copying file ./BindNewDeviceViewController.nib ... 
2017-09-22 07:56:41 +0000  2892 bytes for ./BindNewDeviceViewController.nib
copying file ./blue.gif ... 
2017-09-22 07:56:41 +0000  1800810 bytes for ./blue.gif
copying file ./CarCare ... 
2017-09-22 07:56:41 +0000  1588144 bytes for ./CarCare
copying file ./CodeMsgViewController.nib ... 
3702 bytes for ./CodeMsgViewController.nib
copying file ./embedded.mobileprovision ... 
7531 bytes for ./embedded.mobileprovision
copying file ./en.lproj/English.strings ... 
1650 bytes for ./en.lproj/English.strings
copying file ./en.lproj/Localizable.strings ... 
1996 bytes for ./en.lproj/Localizable.strings
copying file ./HelpViewController.nib ... 
2886 bytes for ./HelpViewController.nib
copying file ./Info.plist ... 
2094 bytes for ./Info.plist
copying file ./IQKeyboardManager.bundle/de.lproj/IQKeyboardManager.strings ... 
489 bytes for ./IQKeyboardManager.bundle/de.lproj/IQKeyboardManager.strings
copying file ./IQKeyboardManager.bundle/en.lproj/IQKeyboardManager.strings ... 
474 bytes for ./IQKeyboardManager.bundle/en.lproj/IQKeyboardManager.strings
copying file ./IQKeyboardManager.bundle/es.lproj/IQKeyboardManager.strings ... 
496 bytes for ./IQKeyboardManager.bundle/es.lproj/IQKeyboardManager.strings
copying file ./IQKeyboardManager.bundle/fr.lproj/IQKeyboardManager.strings ... 
497 bytes for ./IQKeyboardManager.bundle/fr.lproj/IQKeyboardManager.strings
copying file ./IQKeyboardManager.bundle/IQButtonBarArrowLeft.png ... 
886 bytes for ./IQKeyboardManager.bundle/IQButtonBarArrowLeft.png
copying file ./IQKeyboardManager.bundle/IQButtonBarArrowLeft@2x.png ... 
1793 bytes for ./IQKeyboardManager.bundle/IQButtonBarArrowLeft@2x.png
copying file ./IQKeyboardManager.bundle/IQButtonBarArrowLeft@3x.png ... 
1815 bytes for ./IQKeyboardManager.bundle/IQButtonBarArrowLeft@3x.png
copying file ./IQKeyboardManager.bundle/IQButtonBarArrowRight.png ... 
943 bytes for ./IQKeyboardManager.bundle/IQButtonBarArrowRight.png
copying file ./IQKeyboardManager.bundle/IQButtonBarArrowRight@2x.png ... 
1786 bytes for ./IQKeyboardManager.bundle/IQButtonBarArrowRight@2x.png
copying file ./IQKeyboardManager.bundle/IQButtonBarArrowRight@3x.png ... 
1844 bytes for ./IQKeyboardManager.bundle/IQButtonBarArrowRight@3x.png
copying file ./IQKeyboardManager.bundle/zh-Hans/IQKeyboardManager.strings ... 
479 bytes for ./IQKeyboardManager.bundle/zh-Hans/IQKeyboardManager.strings
copying file ./IQKeyboardManager.bundle/zh-Hant/IQKeyboardManager.strings ... 
479 bytes for ./IQKeyboardManager.bundle/zh-Hant/IQKeyboardManager.strings
copying file ./Launch Screen.storyboardc/01J-lp-oVM-view-Ze5-6b-2t3.nib ... 
3634 bytes for ./Launch Screen.storyboardc/01J-lp-oVM-view-Ze5-6b-2t3.nib
copying file ./Launch Screen.storyboardc/Info.plist ... 
258 bytes for ./Launch Screen.storyboardc/Info.plist
copying file ./Launch Screen.storyboardc/UIViewController-01J-lp-oVM.nib ... 
832 bytes for ./Launch Screen.storyboardc/UIViewController-01J-lp-oVM.nib
copying file ./MainBindViewController.nib ... 
2017-09-22 07:56:41 +0000  7247 bytes for ./MainBindViewController.nib
2017-09-22 07:56:41 +0000  copying file ./MBProgressHUD.bundle/error.png ... 
2017-09-22 07:56:41 +0000  371 bytes for ./MBProgressHUD.bundle/error.png
copying file ./MBProgressHUD.bundle/error@2x.png ... 
2017-09-22 07:56:41 +0000  739 bytes for ./MBProgressHUD.bundle/error@2x.png
copying file ./MBProgressHUD.bundle/success.png ... 
2017-09-22 07:56:41 +0000  508 bytes for ./MBProgressHUD.bundle/success.png
copying file ./MBProgressHUD.bundle/success@2x.png ... 
872 bytes for ./MBProgressHUD.bundle/success@2x.png
2017-09-22 07:56:41 +0000  copying file ./orange.gif ... 
2017-09-22 07:56:41 +0000  2320372 bytes for ./orange.gif
copying file ./PkgInfo ... 
2017-09-22 07:56:41 +0000  8 bytes for ./PkgInfo
copying file ./QRCodeVCViewController.nib ... 
1634 bytes for ./QRCodeVCViewController.nib
copying file ./SystemSettingViewController.nib ... 
974 bytes for ./SystemSettingViewController.nib
copying file ./TyreRotationViewController.nib ... 
2017-09-22 07:56:41 +0000  7121 bytes for ./TyreRotationViewController.nib
copying file ./zbar-back.png ... 
2017-09-22 07:56:41 +0000  319 bytes for ./zbar-back.png
copying file ./zbar-help.html ... 
2017-09-22 07:56:41 +0000  3383 bytes for ./zbar-help.html
copying file ./zbar-helpicons.png ... 
2017-09-22 07:56:41 +0000  22384 bytes for ./zbar-helpicons.png
2017-09-22 07:56:41 +0000  copying file ./zbar-samples.png ... 
1312 bytes for ./zbar-samples.png
2017-09-22 07:56:41 +0000  copying file ./zh-Hans.lproj/English.strings ... 
2017-09-22 07:56:41 +0000  1450 bytes for ./zh-Hans.lproj/English.strings
copying file ./zh-Hans.lproj/Localizable.strings ... 
2017-09-22 07:56:41 +0000  1764 bytes for ./zh-Hans.lproj/Localizable.strings
copying file ./zh-Hans.lproj/Main.strings ... 
2017-09-22 07:56:41 +0000  1 bytes for ./zh-Hans.lproj/Main.strings
copying file ./右前轮胎气压过低.caf ... 
2017-09-22 07:56:41 +0000  599919 bytes for ./右前轮胎气压过低.caf
copying file ./右前轮胎气压过低EN.wav ... 
2017-09-22 07:56:41 +0000  70466 bytes for ./右前轮胎气压过低EN.wav
2017-09-22 07:56:41 +0000  copying file ./右前轮胎气压过高.caf ... 
2017-09-22 07:56:41 +0000  599919 bytes for ./右前轮胎气压过高.caf
copying file ./右前轮胎气压过高EN.wav ... 
2017-09-22 07:56:41 +0000  77940 bytes for ./右前轮胎气压过高EN.wav
2017-09-22 07:56:41 +0000  copying file ./右前轮胎温度过高.caf ... 
2017-09-22 07:56:41 +0000  571695 bytes for ./右前轮胎温度过高.caf
copying file ./右前轮胎温度过高EN.wav ... 
2017-09-22 07:56:41 +0000  77330 bytes for ./右前轮胎温度过高EN.wav
copying file ./右前轮胎漏气 气压过低.caf ... 
2017-09-22 07:56:41 +0000  684591 bytes for ./右前轮胎漏气 气压过低.caf
copying file ./右前轮胎漏气 气压过低EN.wav ... 
2017-09-22 07:56:41 +0000  83352 bytes for ./右前轮胎漏气 气压过低EN.wav
copying file ./右前轮胎漏气.caf ... 
2017-09-22 07:56:41 +0000  345903 bytes for ./右前轮胎漏气.caf
copying file ./右前轮胎漏气EN.wav ... 
2017-09-22 07:56:41 +0000  53780 bytes for ./右前轮胎漏气EN.wav
copying file ./右前轮胎电量过低.caf ... 
2017-09-22 07:56:41 +0000  578751 bytes for ./右前轮胎电量过低.caf
2017-09-22 07:56:41 +0000  copying file ./右前轮胎电量过低EN.wav ... 
2017-09-22 07:56:41 +0000  68160 bytes for ./右前轮胎电量过低EN.wav
copying file ./右后轮胎气压过低.caf ... 
2017-09-22 07:56:42 +0000  571695 bytes for ./右后轮胎气压过低.caf
copying file ./右后轮胎气压过低EN.wav ... 
2017-09-22 07:56:42 +0000  67652 bytes for ./右后轮胎气压过低EN.wav
2017-09-22 07:56:42 +0000  copying file ./右后轮胎气压过高.caf ... 
2017-09-22 07:56:42 +0000  571695 bytes for ./右后轮胎气压过高.caf
2017-09-22 07:56:42 +0000  copying file ./右后轮胎气压过高EN.wav ... 
2017-09-22 07:56:42 +0000  75126 bytes for ./右后轮胎气压过高EN.wav
2017-09-22 07:56:42 +0000  copying file ./右后轮胎温度过高.caf ... 
2017-09-22 07:56:42 +0000  543471 bytes for ./右后轮胎温度过高.caf
copying file ./右后轮胎温度过高EN.wav ... 
2017-09-22 07:56:42 +0000  75666 bytes for ./右后轮胎温度过高EN.wav
copying file ./右后轮胎漏气 气压过低.caf ... 
2017-09-22 07:56:42 +0000  642255 bytes for ./右后轮胎漏气 气压过低.caf
copying file ./右后轮胎漏气 气压过低EN.wav ... 
2017-09-22 07:56:42 +0000  35820 bytes for ./右后轮胎漏气 气压过低EN.wav
copying file ./右后轮胎漏气.caf ... 
2017-09-22 07:56:42 +0000  317679 bytes for ./右后轮胎漏气.caf
2017-09-22 07:56:42 +0000  copying file ./右后轮胎漏气EN.wav ... 
2017-09-22 07:56:42 +0000  50042 bytes for ./右后轮胎漏气EN.wav
copying file ./右后轮胎电量过低.caf ... 
2017-09-22 07:56:42 +0000  543471 bytes for ./右后轮胎电量过低.caf
copying file ./右后轮胎电量过低EN.wav ... 
2017-09-22 07:56:42 +0000  65346 bytes for ./右后轮胎电量过低EN.wav
2017-09-22 07:56:42 +0000  copying file ./左前轮胎气压过低.caf ... 
2017-09-22 07:56:42 +0000  599919 bytes for ./左前轮胎气压过低.caf
copying file ./左前轮胎气压过低EN.wav ... 
2017-09-22 07:56:42 +0000  71278 bytes for ./左前轮胎气压过低EN.wav
copying file ./左前轮胎气压过高.caf ... 
2017-09-22 07:56:42 +0000  592863 bytes for ./左前轮胎气压过高.caf
copying file ./左前轮胎气压过高EN.wav ... 
2017-09-22 07:56:42 +0000  78752 bytes for ./左前轮胎气压过高EN.wav
copying file ./左前轮胎温度过高.caf ... 
2017-09-22 07:56:42 +0000  571695 bytes for ./左前轮胎温度过高.caf
copying file ./左前轮胎温度过高EN.wav ... 
2017-09-22 07:56:42 +0000  78142 bytes for ./左前轮胎温度过高EN.wav
copying file ./左前轮胎漏气 气压过低.caf ... 
2017-09-22 07:56:42 +0000  670479 bytes for ./左前轮胎漏气 气压过低.caf
2017-09-22 07:56:42 +0000  copying file ./左前轮胎漏气 气压过低EN.wav ... 
2017-09-22 07:56:42 +0000  84164 bytes for ./左前轮胎漏气 气压过低EN.wav
copying file ./左前轮胎漏气.caf ... 
2017-09-22 07:56:42 +0000  367071 bytes for ./左前轮胎漏气.caf
copying file ./左前轮胎漏气EN.wav ... 
2017-09-22 07:56:42 +0000  51384 bytes for ./左前轮胎漏气EN.wav
copying file ./左前轮胎电量过低.caf ... 
2017-09-22 07:56:42 +0000  578751 bytes for ./左前轮胎电量过低.caf
copying file ./左前轮胎电量过低EN.wav ... 
2017-09-22 07:56:42 +0000  68972 bytes for ./左前轮胎电量过低EN.wav
copying file ./左后轮胎气压过低.caf ... 
2017-09-22 07:56:42 +0000  585807 bytes for ./左后轮胎气压过低.caf
2017-09-22 07:56:42 +0000  copying file ./左后轮胎气压过低EN.wav ... 
2017-09-22 07:56:42 +0000  65202 bytes for ./左后轮胎气压过低EN.wav
copying file ./左后轮胎气压过高.caf ... 
2017-09-22 07:56:42 +0000  592863 bytes for ./左后轮胎气压过高.caf
copying file ./左后轮胎气压过高EN.wav ... 
2017-09-22 07:56:42 +0000  72676 bytes for ./左后轮胎气压过高EN.wav
copying file ./左后轮胎温度过高.caf ... 
2017-09-22 07:56:42 +0000  564639 bytes for ./左后轮胎温度过高.caf
copying file ./左后轮胎温度过高EN.wav ... 
2017-09-22 07:56:42 +0000  75196 bytes for ./左后轮胎温度过高EN.wav
copying file ./左后轮胎漏气 气压过低.caf ... 
2017-09-22 07:56:42 +0000  670479 bytes for ./左后轮胎漏气 气压过低.caf
copying file ./左后轮胎漏气 气压过低EN.wav ... 
2017-09-22 07:56:42 +0000  81778 bytes for ./左后轮胎漏气 气压过低EN.wav
copying file ./左后轮胎漏气.caf ... 
2017-09-22 07:56:42 +0000  331791 bytes for ./左后轮胎漏气.caf
copying file ./左后轮胎漏气EN.wav ... 
2017-09-22 07:56:42 +0000  50516 bytes for ./左后轮胎漏气EN.wav
copying file ./左后轮胎电量过低.caf ... 
2017-09-22 07:56:42 +0000  557583 bytes for ./左后轮胎电量过低.caf
copying file ./左后轮胎电量过低EN.wav ... 
2017-09-22 07:56:42 +0000  62896 bytes for ./左后轮胎电量过低EN.wav
copying file ./无声10秒.wav ... 
2017-09-22 07:56:42 +0000  443740 bytes for ./无声10秒.wav
2017-09-22 07:56:42 +0000  copying file ./无声4秒.wav ... 
2017-09-22 07:56:42 +0000  428622 bytes for ./无声4秒.wav
copying file ./无声5秒.wav ... 
2017-09-22 07:56:42 +0000  880394 bytes for ./无声5秒.wav
2017-09-22 07:56:42 +0000  /usr/bin/ditto exited with 0
2017-09-22 07:56:42 +0000  Processing step: IDEDistributionEmbedProfileStep
2017-09-22 07:56:42 +0000  Processing step: IDEDistributionItemRemovalStep
2017-09-22 07:56:42 +0000  Processing step: IDEDistributionAppThinningPlistStep
2017-09-22 07:56:42 +0000  Skipping step: IDEDistributionAppThinningPlistStep because it said so
2017-09-22 07:56:42 +0000  Processing step: IDEDistributionCompileBitcodeStep
2017-09-22 07:56:42 +0000  Skipping step: IDEDistributionCompileBitcodeStep because it said so
2017-09-22 07:56:42 +0000  Processing step: IDEDistributionCodeSlimmingStep
2017-09-22 07:56:42 +0000  Processing step: IDEDistributionCopyBCSymbolMapsStep
2017-09-22 07:56:42 +0000  Processing step: IDEDistributionSymbolsStep
2017-09-22 07:56:42 +0000  Processing symbols for CarCare.app
2017-09-22 07:56:42 +0000  Running /usr/bin/rsync '-8aPhhE' '/var/folders/bb/46nl9lg559qbm9ksmczd05540000gn/T/XcodeDistPipeline.rff/Root/Payload/CarCare.app' '--link-dest' '/var/folders/bb/46nl9lg559qbm9ksmczd05540000gn/T/XcodeDistPipeline.rff/Root/Payload' '/var/folders/bb/46nl9lg559qbm9ksmczd05540000gn/T/XcodeDistPipeline.rff'
2017-09-22 07:56:42 +0000  building file list ... 
2017-09-22 07:56:42 +0000   0 files...2017-09-22 07:56:42 +0000   100 files...2017-09-22 07:56:42 +0000  125 files to consider
2017-09-22 07:56:42 +0000  CarCare.app/
2017-09-22 07:56:42 +0000  CarCare.app/Base.lproj/
2017-09-22 07:56:43 +0000  CarCare.app/Base.lproj/Main.storyboardc/
CarCare.app/Frameworks/
CarCare.app/IQKeyboardManager.bundle/
CarCare.app/IQKeyboardManager.bundle/de.lproj/
CarCare.app/IQKeyboardManager.bundle/en.lproj/
CarCare.app/IQKeyboardManager.bundle/es.lproj/
CarCare.app/IQKeyboardManager.bundle/fr.lproj/
CarCare.app/IQKeyboardManager.bundle/zh-Hans/
CarCare.app/IQKeyboardManager.bundle/zh-Hant/
CarCare.app/Launch Screen.storyboardc/
CarCare.app/MBProgressHUD.bundle/
CarCare.app/_CodeSignature/
CarCare.app/en.lproj/
CarCare.app/zh-Hans.lproj/
2017-09-22 07:56:43 +0000  CarCare.app/zh-Hans.lproj/._Main.strings
2017-09-22 07:56:43 +0000           223 100%    0.00kB/s    0:00:00         223 100%    0.00kB/s    0:00:00 (xfer#1, to-check=3/125)
2017-09-22 07:56:43 +0000  
sent 3.63K bytes  received 138 bytes  2.51K bytes/sec
total size is 40.81M  speedup is 11099.78
2017-09-22 07:56:43 +0000  /usr/bin/rsync exited with 0
2017-09-22 07:56:43 +0000  Running /usr/bin/rsync '-8aPhhE' '/Users/cykj/Library/Developer/Xcode/Archives/2017-09-22/CarCare 2017-9-22 下午3.41.xcarchive/dSYMs/' '--link-dest' '/Users/cykj/Library/Developer/Xcode/Archives/2017-09-22/CarCare 2017-9-22 下午3.41.xcarchive/dSYMs/' '/var/folders/bb/46nl9lg559qbm9ksmczd05540000gn/T/XcodeDistPipeline.rff'
2017-09-22 07:56:43 +0000  building file list ... 
2017-09-22 07:56:43 +0000   0 files...2017-09-22 07:56:43 +0000  7 files to consider
2017-09-22 07:56:43 +0000  ./
2017-09-22 07:56:43 +0000  CarCare.app.dSYM/
CarCare.app.dSYM/Contents/
CarCare.app.dSYM/Contents/Resources/
2017-09-22 07:56:43 +0000  CarCare.app.dSYM/Contents/Resources/DWARF/
2017-09-22 07:56:43 +0000  
2017-09-22 07:56:43 +0000  sent 224 bytes  received 50 bytes  548.00 bytes/sec
total size is 5.02M  speedup is 19201.68
2017-09-22 07:56:43 +0000  /usr/bin/rsync exited with 0
2017-09-22 07:56:43 +0000  Running /Applications/Xcode.app/Contents/Developer/usr/bin/symbols '-noTextInSOD' '-noDaemon' '-arch' 'all' '-symbolsPackageDir' '/var/folders/bb/46nl9lg559qbm9ksmczd05540000gn/T/XcodeDistPipeline.rff/Symbols' '/var/folders/bb/46nl9lg559qbm9ksmczd05540000gn/T/XcodeDistPipeline.rff/CarCare.app.dSYM/Contents/Resources/Dwarf/CarCare'
2017-09-22 07:56:44 +0000  /var/folders/bb/46nl9lg559qbm9ksmczd05540000gn/T/XcodeDistPipeline.rff/CarCare.app.dSYM/Contents/Resources/Dwarf/CarCare [armv7, 0.173261 seconds]:
/var/folders/bb/46nl9lg559qbm9ksmczd05540000gn/T/XcodeDistPipeline.rff/CarCare.app.dSYM/Contents/Resources/Dwarf/CarCare [arm64, 0.173261 seconds]:
2017-09-22 07:56:44 +0000  /Applications/Xcode.app/Contents/Developer/usr/bin/symbols exited with 0
2017-09-22 07:56:44 +0000  Processing step: IDEDistributionCopyAppleProvidedContentStep
2017-09-22 07:56:44 +0000  Processing step: IDEDistributionAppThinningStep
2017-09-22 07:56:44 +0000  Skipping step: IDEDistributionAppThinningStep because it said so
2017-09-22 07:56:44 +0000  Processing step: IDEDistributionODRStep
2017-09-22 07:56:44 +0000  Processing step: IDEDistributionStripXattrsStep
2017-09-22 07:56:44 +0000  Running /usr/bin/xattr '-cr' '/var/folders/bb/46nl9lg559qbm9ksmczd05540000gn/T/XcodeDistPipeline.rff/Root/Payload/CarCare.app'
2017-09-22 07:56:47 +0000  /usr/bin/xattr exited with 0
2017-09-22 07:56:47 +0000  Processing step: IDEDistributionCodesignStep
2017-09-22 07:56:47 +0000  Applying entitlements delta for <IDEDistributionItem: 0x7fe8ebaa87b0 'com.chaoyue.ViecarTPMS' '<DVTFilePath:0x7fe8d3a18ee0:'/Users/cykj/Library/Developer/Xcode/Archives/2017-09-22/CarCare 2017-9-22 下午3.41.xcarchive/Products/Applications/CarCare.app'>'> from <IDEiCloudEntitlementsProcessor: 0x7fe8e6eebcd0>: {
}
2017-09-22 07:56:47 +0000  Entitlements for <IDEDistributionItem: 0x7fe8ebaa87b0 'com.chaoyue.ViecarTPMS' '<DVTFilePath:0x7fe8d3a18ee0:'/Users/cykj/Library/Developer/Xcode/Archives/2017-09-22/CarCare 2017-9-22 下午3.41.xcarchive/Products/Applications/CarCare.app'>'>: {
    "application-identifier" = "FB7B7UKSNL.com.chaoyue.ViecarTPMS";
    "beta-reports-active" = 1;
    "com.apple.developer.team-identifier" = FB7B7UKSNL;
    "get-task-allow" = 0;
    "keychain-access-groups" =     (
        "FB7B7UKSNL.com.chaoyue.ViecarTPMS"
    );
}
2017-09-22 07:56:47 +0000  Writing entitlements for <IDEDistributionItem: 0x7fe8ebaa87b0 'com.chaoyue.ViecarTPMS' '<DVTFilePath:0x7fe8d3a18ee0:'/Users/cykj/Library/Developer/Xcode/Archives/2017-09-22/CarCare 2017-9-22 下午3.41.xcarchive/Products/Applications/CarCare.app'>'> to: /var/folders/bb/46nl9lg559qbm9ksmczd05540000gn/T/XcodeDistPipeline.rff/entitlementsON5dmf
2017-09-22 07:56:47 +0000  Running /usr/bin/codesign '-vvv' '--force' '--sign' 'B8FA3015B30C945BC039510FFA529F8DD2C7B9B2' '--preserve-metadata=identifier,flags' '--entitlements' '/var/folders/bb/46nl9lg559qbm9ksmczd05540000gn/T/XcodeDistPipeline.rff/entitlementsON5dmf' '/var/folders/bb/46nl9lg559qbm9ksmczd05540000gn/T/XcodeDistPipeline.rff/Root/Payload/CarCare.app'
2017-09-22 07:56:47 +0000  /var/folders/bb/46nl9lg559qbm9ksmczd05540000gn/T/XcodeDistPipeline.rff/Root/Payload/CarCare.app: replacing existing signature
2017-09-22 07:56:47 +0000  /var/folders/bb/46nl9lg559qbm9ksmczd05540000gn/T/XcodeDistPipeline.rff/Root/Payload/CarCare.app: signed app bundle with Mach-O universal (armv7 arm64) [com.chaoyue.ViecarTPMS]
2017-09-22 07:56:47 +0000  /usr/bin/codesign exited with 0
2017-09-22 07:56:47 +0000  Processing step: IDEDistributionStreamingZipItemStep
2017-09-22 07:56:47 +0000  Skipping step: IDEDistributionStreamingZipItemStep because it said so
2017-09-22 07:56:47 +0000  Processing step: IDEDistributionCreateIPAStep
2017-09-22 07:56:47 +0000  Running /usr/bin/rsync '-8aPhhE' '/var/folders/bb/46nl9lg559qbm9ksmczd05540000gn/T/XcodeDistPipeline.rff/Symbols' '--link-dest' '/var/folders/bb/46nl9lg559qbm9ksmczd05540000gn/T/XcodeDistPipeline.rff' '/var/folders/bb/46nl9lg559qbm9ksmczd05540000gn/T/XcodeDistPipeline.rff/Root'
2017-09-22 07:56:47 +0000  building file list ... 
2017-09-22 07:56:47 +0000   0 files...2017-09-22 07:56:47 +0000  3 files to consider
2017-09-22 07:56:47 +0000  Symbols/
2017-09-22 07:56:47 +0000  
2017-09-22 07:56:47 +0000  sent 193 bytes  received 26 bytes  438.00 bytes/sec
total size is 2.35M  speedup is 11273.17
2017-09-22 07:56:47 +0000  /usr/bin/rsync exited with 0
2017-09-22 07:56:47 +0000  Running /usr/bin/ditto '-V' '-c' '-k' '--norsrc' '/var/folders/bb/46nl9lg559qbm9ksmczd05540000gn/T/XcodeDistPipeline.rff/Root' '/var/folders/bb/46nl9lg559qbm9ksmczd05540000gn/T/XcodeDistPipeline.rff/Packages/CarCare.ipa'
2017-09-22 07:56:47 +0000  >>> Copying /var/folders/bb/46nl9lg559qbm9ksmczd05540000gn/T/XcodeDistPipeline.rff/Root 
2017-09-22 07:56:47 +0000  copying file ./Payload/CarCare.app/_CodeSignature/CodeResources ... 
2017-09-22 07:56:47 +0000  36546 bytes for ./Payload/CarCare.app/_CodeSignature/CodeResources
copying file ./Payload/CarCare.app/AppIcon20x20@2x.png ... 
2017-09-22 07:56:47 +0000  4834 bytes for ./Payload/CarCare.app/AppIcon20x20@2x.png
copying file ./Payload/CarCare.app/AppIcon20x20@3x.png ... 
2017-09-22 07:56:47 +0000  8633 bytes for ./Payload/CarCare.app/AppIcon20x20@3x.png
copying file ./Payload/CarCare.app/AppIcon29x29@2x.png ... 
2017-09-22 07:56:47 +0000  23323 bytes for ./Payload/CarCare.app/AppIcon29x29@2x.png
2017-09-22 07:56:47 +0000  copying file ./Payload/CarCare.app/AppIcon29x29@3x.png ... 
2017-09-22 07:56:47 +0000  28089 bytes for ./Payload/CarCare.app/AppIcon29x29@3x.png
copying file ./Payload/CarCare.app/AppIcon40x40@2x.png ... 
2017-09-22 07:56:47 +0000  12922 bytes for ./Payload/CarCare.app/AppIcon40x40@2x.png
copying file ./Payload/CarCare.app/AppIcon40x40@3x.png ... 
2017-09-22 07:56:47 +0000  24238 bytes for ./Payload/CarCare.app/AppIcon40x40@3x.png
copying file ./Payload/CarCare.app/AppIcon60x60@2x.png ... 
2017-09-22 07:56:47 +0000  24238 bytes for ./Payload/CarCare.app/AppIcon60x60@2x.png
copying file ./Payload/CarCare.app/AppIcon60x60@3x.png ... 
2017-09-22 07:56:47 +0000  41212 bytes for ./Payload/CarCare.app/AppIcon60x60@3x.png
copying file ./Payload/CarCare.app/archived-expanded-entitlements.xcent ... 
2017-09-22 07:56:47 +0000  382 bytes for ./Payload/CarCare.app/archived-expanded-entitlements.xcent
copying file ./Payload/CarCare.app/Assets.car ... 
2017-09-22 07:56:48 +0000  20124792 bytes for ./Payload/CarCare.app/Assets.car
2017-09-22 07:56:48 +0000  copying file ./Payload/CarCare.app/AutoBindViewController.nib ... 
2017-09-22 07:56:48 +0000  7281 bytes for ./Payload/CarCare.app/AutoBindViewController.nib
2017-09-22 07:56:48 +0000  copying file ./Payload/CarCare.app/Base.lproj/Localizable.strings ... 
1939 bytes for ./Payload/CarCare.app/Base.lproj/Localizable.strings
2017-09-22 07:56:48 +0000  copying file ./Payload/CarCare.app/Base.lproj/Main.storyboardc/BYZ-38-t0r-view-8bC-Xf-vdC.nib ... 
1790 bytes for ./Payload/CarCare.app/Base.lproj/Main.storyboardc/BYZ-38-t0r-view-8bC-Xf-vdC.nib
copying file ./Payload/CarCare.app/Base.lproj/Main.storyboardc/Info.plist ... 
258 bytes for ./Payload/CarCare.app/Base.lproj/Main.storyboardc/Info.plist
copying file ./Payload/CarCare.app/Base.lproj/Main.storyboardc/UIViewController-BYZ-38-t0r.nib ... 
2017-09-22 07:56:48 +0000  916 bytes for ./Payload/CarCare.app/Base.lproj/Main.storyboardc/UIViewController-BYZ-38-t0r.nib
copying file ./Payload/CarCare.app/BindNewDeviceViewController.nib ... 
2017-09-22 07:56:48 +0000  2892 bytes for ./Payload/CarCare.app/BindNewDeviceViewController.nib
copying file ./Payload/CarCare.app/blue.gif ... 
2017-09-22 07:56:48 +0000  1800810 bytes for ./Payload/CarCare.app/blue.gif
copying file ./Payload/CarCare.app/CarCare ... 
2017-09-22 07:56:48 +0000  1588144 bytes for ./Payload/CarCare.app/CarCare
copying file ./Payload/CarCare.app/CodeMsgViewController.nib ... 
2017-09-22 07:56:48 +0000  3702 bytes for ./Payload/CarCare.app/CodeMsgViewController.nib
copying file ./Payload/CarCare.app/embedded.mobileprovision ... 
2017-09-22 07:56:48 +0000  7531 bytes for ./Payload/CarCare.app/embedded.mobileprovision
copying file ./Payload/CarCare.app/en.lproj/English.strings ... 
2017-09-22 07:56:48 +0000  1650 bytes for ./Payload/CarCare.app/en.lproj/English.strings
copying file ./Payload/CarCare.app/en.lproj/Localizable.strings ... 
1996 bytes for ./Payload/CarCare.app/en.lproj/Localizable.strings
copying file ./Payload/CarCare.app/HelpViewController.nib ... 
2886 bytes for ./Payload/CarCare.app/HelpViewController.nib
copying file ./Payload/CarCare.app/Info.plist ... 
2017-09-22 07:56:48 +0000  2094 bytes for ./Payload/CarCare.app/Info.plist
copying file ./Payload/CarCare.app/IQKeyboardManager.bundle/de.lproj/IQKeyboardManager.strings ... 
489 bytes for ./Payload/CarCare.app/IQKeyboardManager.bundle/de.lproj/IQKeyboardManager.strings
copying file ./Payload/CarCare.app/IQKeyboardManager.bundle/en.lproj/IQKeyboardManager.strings ... 
2017-09-22 07:56:48 +0000  474 bytes for ./Payload/CarCare.app/IQKeyboardManager.bundle/en.lproj/IQKeyboardManager.strings
copying file ./Payload/CarCare.app/IQKeyboardManager.bundle/es.lproj/IQKeyboardManager.strings ... 
496 bytes for ./Payload/CarCare.app/IQKeyboardManager.bundle/es.lproj/IQKeyboardManager.strings
2017-09-22 07:56:48 +0000  copying file ./Payload/CarCare.app/IQKeyboardManager.bundle/fr.lproj/IQKeyboardManager.strings ... 
497 bytes for ./Payload/CarCare.app/IQKeyboardManager.bundle/fr.lproj/IQKeyboardManager.strings
copying file ./Payload/CarCare.app/IQKeyboardManager.bundle/IQButtonBarArrowLeft.png ... 
2017-09-22 07:56:48 +0000  886 bytes for ./Payload/CarCare.app/IQKeyboardManager.bundle/IQButtonBarArrowLeft.png
copying file ./Payload/CarCare.app/IQKeyboardManager.bundle/IQButtonBarArrowLeft@2x.png ... 
1793 bytes for ./Payload/CarCare.app/IQKeyboardManager.bundle/IQButtonBarArrowLeft@2x.png
copying file ./Payload/CarCare.app/IQKeyboardManager.bundle/IQButtonBarArrowLeft@3x.png ... 
2017-09-22 07:56:48 +0000  1815 bytes for ./Payload/CarCare.app/IQKeyboardManager.bundle/IQButtonBarArrowLeft@3x.png
copying file ./Payload/CarCare.app/IQKeyboardManager.bundle/IQButtonBarArrowRight.png ... 
943 bytes for ./Payload/CarCare.app/IQKeyboardManager.bundle/IQButtonBarArrowRight.png
copying file ./Payload/CarCare.app/IQKeyboardManager.bundle/IQButtonBarArrowRight@2x.png ... 
2017-09-22 07:56:48 +0000  1786 bytes for ./Payload/CarCare.app/IQKeyboardManager.bundle/IQButtonBarArrowRight@2x.png
copying file ./Payload/CarCare.app/IQKeyboardManager.bundle/IQButtonBarArrowRight@3x.png ... 
1844 bytes for ./Payload/CarCare.app/IQKeyboardManager.bundle/IQButtonBarArrowRight@3x.png
copying file ./Payload/CarCare.app/IQKeyboardManager.bundle/zh-Hans/IQKeyboardManager.strings ... 
2017-09-22 07:56:48 +0000  479 bytes for ./Payload/CarCare.app/IQKeyboardManager.bundle/zh-Hans/IQKeyboardManager.strings
copying file ./Payload/CarCare.app/IQKeyboardManager.bundle/zh-Hant/IQKeyboardManager.strings ... 
479 bytes for ./Payload/CarCare.app/IQKeyboardManager.bundle/zh-Hant/IQKeyboardManager.strings
copying file ./Payload/CarCare.app/Launch Screen.storyboardc/01J-lp-oVM-view-Ze5-6b-2t3.nib ... 
2017-09-22 07:56:48 +0000  3634 bytes for ./Payload/CarCare.app/Launch Screen.storyboardc/01J-lp-oVM-view-Ze5-6b-2t3.nib
copying file ./Payload/CarCare.app/Launch Screen.storyboardc/Info.plist ... 
258 bytes for ./Payload/CarCare.app/Launch Screen.storyboardc/Info.plist
2017-09-22 07:56:48 +0000  copying file ./Payload/CarCare.app/Launch Screen.storyboardc/UIViewController-01J-lp-oVM.nib ... 
832 bytes for ./Payload/CarCare.app/Launch Screen.storyboardc/UIViewController-01J-lp-oVM.nib
copying file ./Payload/CarCare.app/MainBindViewController.nib ... 
2017-09-22 07:56:48 +0000  7247 bytes for ./Payload/CarCare.app/MainBindViewController.nib
2017-09-22 07:56:48 +0000  copying file ./Payload/CarCare.app/MBProgressHUD.bundle/error.png ... 
371 bytes for ./Payload/CarCare.app/MBProgressHUD.bundle/error.png
copying file ./Payload/CarCare.app/MBProgressHUD.bundle/error@2x.png ... 
739 bytes for ./Payload/CarCare.app/MBProgressHUD.bundle/error@2x.png
copying file ./Payload/CarCare.app/MBProgressHUD.bundle/success.png ... 
2017-09-22 07:56:48 +0000  508 bytes for ./Payload/CarCare.app/MBProgressHUD.bundle/success.png
copying file ./Payload/CarCare.app/MBProgressHUD.bundle/success@2x.png ... 
872 bytes for ./Payload/CarCare.app/MBProgressHUD.bundle/success@2x.png
copying file ./Payload/CarCare.app/orange.gif ... 
2017-09-22 07:56:49 +0000  2320372 bytes for ./Payload/CarCare.app/orange.gif
copying file ./Payload/CarCare.app/PkgInfo ... 
2017-09-22 07:56:49 +0000  8 bytes for ./Payload/CarCare.app/PkgInfo
copying file ./Payload/CarCare.app/QRCodeVCViewController.nib ... 
1634 bytes for ./Payload/CarCare.app/QRCodeVCViewController.nib
copying file ./Payload/CarCare.app/SystemSettingViewController.nib ... 
974 bytes for ./Payload/CarCare.app/SystemSettingViewController.nib
copying file ./Payload/CarCare.app/TyreRotationViewController.nib ... 
2017-09-22 07:56:49 +0000  7121 bytes for ./Payload/CarCare.app/TyreRotationViewController.nib
copying file ./Payload/CarCare.app/zbar-back.png ... 
2017-09-22 07:56:49 +0000  319 bytes for ./Payload/CarCare.app/zbar-back.png
copying file ./Payload/CarCare.app/zbar-help.html ... 
3383 bytes for ./Payload/CarCare.app/zbar-help.html
copying file ./Payload/CarCare.app/zbar-helpicons.png ... 
2017-09-22 07:56:49 +0000  22384 bytes for ./Payload/CarCare.app/zbar-helpicons.png
copying file ./Payload/CarCare.app/zbar-samples.png ... 
2017-09-22 07:56:49 +0000  1312 bytes for ./Payload/CarCare.app/zbar-samples.png
copying file ./Payload/CarCare.app/zh-Hans.lproj/English.strings ... 
1450 bytes for ./Payload/CarCare.app/zh-Hans.lproj/English.strings
copying file ./Payload/CarCare.app/zh-Hans.lproj/Localizable.strings ... 
2017-09-22 07:56:49 +0000  1764 bytes for ./Payload/CarCare.app/zh-Hans.lproj/Localizable.strings
copying file ./Payload/CarCare.app/zh-Hans.lproj/Main.strings ... 
1 bytes for ./Payload/CarCare.app/zh-Hans.lproj/Main.strings
copying file ./Payload/CarCare.app/右前轮胎气压过低.caf ... 
2017-09-22 07:56:49 +0000  599919 bytes for ./Payload/CarCare.app/右前轮胎气压过低.caf
copying file ./Payload/CarCare.app/右前轮胎气压过低EN.wav ... 
2017-09-22 07:56:49 +0000  70466 bytes for ./Payload/CarCare.app/右前轮胎气压过低EN.wav
2017-09-22 07:56:49 +0000  copying file ./Payload/CarCare.app/右前轮胎气压过高.caf ... 
2017-09-22 07:56:49 +0000  599919 bytes for ./Payload/CarCare.app/右前轮胎气压过高.caf
copying file ./Payload/CarCare.app/右前轮胎气压过高EN.wav ... 
2017-09-22 07:56:49 +0000  77940 bytes for ./Payload/CarCare.app/右前轮胎气压过高EN.wav
copying file ./Payload/CarCare.app/右前轮胎温度过高.caf ... 
2017-09-22 07:56:49 +0000  571695 bytes for ./Payload/CarCare.app/右前轮胎温度过高.caf
copying file ./Payload/CarCare.app/右前轮胎温度过高EN.wav ... 
2017-09-22 07:56:49 +0000  77330 bytes for ./Payload/CarCare.app/右前轮胎温度过高EN.wav
copying file ./Payload/CarCare.app/右前轮胎漏气 气压过低.caf ... 
2017-09-22 07:56:49 +0000  684591 bytes for ./Payload/CarCare.app/右前轮胎漏气 气压过低.caf
copying file ./Payload/CarCare.app/右前轮胎漏气 气压过低EN.wav ... 
2017-09-22 07:56:49 +0000  83352 bytes for ./Payload/CarCare.app/右前轮胎漏气 气压过低EN.wav
copying file ./Payload/CarCare.app/右前轮胎漏气.caf ... 
2017-09-22 07:56:49 +0000  345903 bytes for ./Payload/CarCare.app/右前轮胎漏气.caf
copying file ./Payload/CarCare.app/右前轮胎漏气EN.wav ... 
2017-09-22 07:56:49 +0000  53780 bytes for ./Payload/CarCare.app/右前轮胎漏气EN.wav
2017-09-22 07:56:49 +0000  copying file ./Payload/CarCare.app/右前轮胎电量过低.caf ... 
2017-09-22 07:56:49 +0000  578751 bytes for ./Payload/CarCare.app/右前轮胎电量过低.caf
copying file ./Payload/CarCare.app/右前轮胎电量过低EN.wav ... 
2017-09-22 07:56:49 +0000  68160 bytes for ./Payload/CarCare.app/右前轮胎电量过低EN.wav
copying file ./Payload/CarCare.app/右后轮胎气压过低.caf ... 
2017-09-22 07:56:49 +0000  571695 bytes for ./Payload/CarCare.app/右后轮胎气压过低.caf
copying file ./Payload/CarCare.app/右后轮胎气压过低EN.wav ... 
2017-09-22 07:56:49 +0000  67652 bytes for ./Payload/CarCare.app/右后轮胎气压过低EN.wav
copying file ./Payload/CarCare.app/右后轮胎气压过高.caf ... 
2017-09-22 07:56:49 +0000  571695 bytes for ./Payload/CarCare.app/右后轮胎气压过高.caf
copying file ./Payload/CarCare.app/右后轮胎气压过高EN.wav ... 
2017-09-22 07:56:49 +0000  75126 bytes for ./Payload/CarCare.app/右后轮胎气压过高EN.wav
2017-09-22 07:56:49 +0000  copying file ./Payload/CarCare.app/右后轮胎温度过高.caf ... 
2017-09-22 07:56:49 +0000  543471 bytes for ./Payload/CarCare.app/右后轮胎温度过高.caf
2017-09-22 07:56:49 +0000  copying file ./Payload/CarCare.app/右后轮胎温度过高EN.wav ... 
2017-09-22 07:56:49 +0000  75666 bytes for ./Payload/CarCare.app/右后轮胎温度过高EN.wav
2017-09-22 07:56:49 +0000  copying file ./Payload/CarCare.app/右后轮胎漏气 气压过低.caf ... 
2017-09-22 07:56:49 +0000  642255 bytes for ./Payload/CarCare.app/右后轮胎漏气 气压过低.caf
copying file ./Payload/CarCare.app/右后轮胎漏气 气压过低EN.wav ... 
2017-09-22 07:56:49 +0000  35820 bytes for ./Payload/CarCare.app/右后轮胎漏气 气压过低EN.wav
copying file ./Payload/CarCare.app/右后轮胎漏气.caf ... 
2017-09-22 07:56:49 +0000  317679 bytes for ./Payload/CarCare.app/右后轮胎漏气.caf
2017-09-22 07:56:49 +0000  copying file ./Payload/CarCare.app/右后轮胎漏气EN.wav ... 
2017-09-22 07:56:49 +0000  50042 bytes for ./Payload/CarCare.app/右后轮胎漏气EN.wav
copying file ./Payload/CarCare.app/右后轮胎电量过低.caf ... 
2017-09-22 07:56:49 +0000  543471 bytes for ./Payload/CarCare.app/右后轮胎电量过低.caf
copying file ./Payload/CarCare.app/右后轮胎电量过低EN.wav ... 
2017-09-22 07:56:49 +0000  65346 bytes for ./Payload/CarCare.app/右后轮胎电量过低EN.wav
copying file ./Payload/CarCare.app/左前轮胎气压过低.caf ... 
2017-09-22 07:56:49 +0000  599919 bytes for ./Payload/CarCare.app/左前轮胎气压过低.caf
copying file ./Payload/CarCare.app/左前轮胎气压过低EN.wav ... 
2017-09-22 07:56:49 +0000  71278 bytes for ./Payload/CarCare.app/左前轮胎气压过低EN.wav
copying file ./Payload/CarCare.app/左前轮胎气压过高.caf ... 
2017-09-22 07:56:49 +0000  592863 bytes for ./Payload/CarCare.app/左前轮胎气压过高.caf
copying file ./Payload/CarCare.app/左前轮胎气压过高EN.wav ... 
2017-09-22 07:56:49 +0000  78752 bytes for ./Payload/CarCare.app/左前轮胎气压过高EN.wav
copying file ./Payload/CarCare.app/左前轮胎温度过高.caf ... 
2017-09-22 07:56:49 +0000  571695 bytes for ./Payload/CarCare.app/左前轮胎温度过高.caf
copying file ./Payload/CarCare.app/左前轮胎温度过高EN.wav ... 
2017-09-22 07:56:49 +0000  78142 bytes for ./Payload/CarCare.app/左前轮胎温度过高EN.wav
copying file ./Payload/CarCare.app/左前轮胎漏气 气压过低.caf ... 
2017-09-22 07:56:49 +0000  670479 bytes for ./Payload/CarCare.app/左前轮胎漏气 气压过低.caf
copying file ./Payload/CarCare.app/左前轮胎漏气 气压过低EN.wav ... 
2017-09-22 07:56:49 +0000  84164 bytes for ./Payload/CarCare.app/左前轮胎漏气 气压过低EN.wav
2017-09-22 07:56:49 +0000  copying file ./Payload/CarCare.app/左前轮胎漏气.caf ... 
2017-09-22 07:56:49 +0000  367071 bytes for ./Payload/CarCare.app/左前轮胎漏气.caf
copying file ./Payload/CarCare.app/左前轮胎漏气EN.wav ... 
2017-09-22 07:56:49 +0000  51384 bytes for ./Payload/CarCare.app/左前轮胎漏气EN.wav
2017-09-22 07:56:49 +0000  copying file ./Payload/CarCare.app/左前轮胎电量过低.caf ... 
2017-09-22 07:56:49 +0000  578751 bytes for ./Payload/CarCare.app/左前轮胎电量过低.caf
copying file ./Payload/CarCare.app/左前轮胎电量过低EN.wav ... 
2017-09-22 07:56:49 +0000  68972 bytes for ./Payload/CarCare.app/左前轮胎电量过低EN.wav
copying file ./Payload/CarCare.app/左后轮胎气压过低.caf ... 
2017-09-22 07:56:49 +0000  585807 bytes for ./Payload/CarCare.app/左后轮胎气压过低.caf
copying file ./Payload/CarCare.app/左后轮胎气压过低EN.wav ... 
2017-09-22 07:56:49 +0000  65202 bytes for ./Payload/CarCare.app/左后轮胎气压过低EN.wav
2017-09-22 07:56:49 +0000  copying file ./Payload/CarCare.app/左后轮胎气压过高.caf ... 
2017-09-22 07:56:49 +0000  592863 bytes for ./Payload/CarCare.app/左后轮胎气压过高.caf
copying file ./Payload/CarCare.app/左后轮胎气压过高EN.wav ... 
2017-09-22 07:56:49 +0000  72676 bytes for ./Payload/CarCare.app/左后轮胎气压过高EN.wav
copying file ./Payload/CarCare.app/左后轮胎温度过高.caf ... 
2017-09-22 07:56:49 +0000  564639 bytes for ./Payload/CarCare.app/左后轮胎温度过高.caf
copying file ./Payload/CarCare.app/左后轮胎温度过高EN.wav ... 
2017-09-22 07:56:49 +0000  75196 bytes for ./Payload/CarCare.app/左后轮胎温度过高EN.wav
copying file ./Payload/CarCare.app/左后轮胎漏气 气压过低.caf ... 
2017-09-22 07:56:49 +0000  670479 bytes for ./Payload/CarCare.app/左后轮胎漏气 气压过低.caf
copying file ./Payload/CarCare.app/左后轮胎漏气 气压过低EN.wav ... 
2017-09-22 07:56:49 +0000  81778 bytes for ./Payload/CarCare.app/左后轮胎漏气 气压过低EN.wav
copying file ./Payload/CarCare.app/左后轮胎漏气.caf ... 
2017-09-22 07:56:49 +0000  331791 bytes for ./Payload/CarCare.app/左后轮胎漏气.caf
copying file ./Payload/CarCare.app/左后轮胎漏气EN.wav ... 
2017-09-22 07:56:49 +0000  50516 bytes for ./Payload/CarCare.app/左后轮胎漏气EN.wav
copying file ./Payload/CarCare.app/左后轮胎电量过低.caf ... 
2017-09-22 07:56:49 +0000  557583 bytes for ./Payload/CarCare.app/左后轮胎电量过低.caf
copying file ./Payload/CarCare.app/左后轮胎电量过低EN.wav ... 
2017-09-22 07:56:49 +0000  62896 bytes for ./Payload/CarCare.app/左后轮胎电量过低EN.wav
copying file ./Payload/CarCare.app/无声10秒.wav ... 
2017-09-22 07:56:49 +0000  443740 bytes for ./Payload/CarCare.app/无声10秒.wav
copying file ./Payload/CarCare.app/无声4秒.wav ... 
2017-09-22 07:56:49 +0000  428622 bytes for ./Payload/CarCare.app/无声4秒.wav
copying file ./Payload/CarCare.app/无声5秒.wav ... 
2017-09-22 07:56:49 +0000  880394 bytes for ./Payload/CarCare.app/无声5秒.wav
2017-09-22 07:56:49 +0000  copying file ./Symbols/043B8A74-FECB-348C-BD19-972A64D2BD96.symbols ... 
2017-09-22 07:56:49 +0000  1375208 bytes for ./Symbols/043B8A74-FECB-348C-BD19-972A64D2BD96.symbols
copying file ./Symbols/1197FA9E-DBE2-3E9E-9980-CC5DCD22EF1F.symbols ... 
2017-09-22 07:56:49 +0000  1093616 bytes for ./Symbols/1197FA9E-DBE2-3E9E-9980-CC5DCD22EF1F.symbols
2017-09-22 07:56:49 +0000  /usr/bin/ditto exited with 0
2017-09-22 07:56:49 +0000  Processing step: IDEDistributionCreateManifestStep
2017-09-22 07:56:49 +0000  Skipping step: IDEDistributionCreateManifestStep because it said so
